<?xml version="1.0" encoding="UTF-8"?>
<!-- Generated by org.testng.reporters.JUnitXMLReporter -->
<testsuite ignored="0" hostname="LAPTOP-0B5377BE" failures="0" tests="3" name="Default test" time="16.086" errors="0" timestamp="2025-02-06T00:50:01 IST">
  <testcase classname="org.automation.tests.SignupTest" name="testSignup" time="3.212"/>
  <testcase classname="org.automation.tests.LoginoutTest" name="testLogin" time="4.502"/>
  <testcase classname="org.automation.tests.LoginoutTest" name="testLogout" time="1.405"/>
</testsuite> <!-- Default test -->
