<?xml version="1.0" encoding="UTF-8"?>
<!-- Generated by org.testng.reporters.JUnitXMLReporter -->
<testsuite ignored="0" hostname="LAPTOP-0B5377BE" failures="0" tests="3" name="Signup and Logout Test" time="18.929" errors="0" timestamp="2025-02-06T01:04:30 IST">
  <testcase classname="org.automation.tests.SignupTest" name="testSignup" time="2.423"/>
  <testcase classname="org.automation.tests.LoginoutTest" name="testLogin" time="3.068"/>
  <testcase classname="org.automation.tests.LoginoutTest" name="testLogout" time="1.239"/>
</testsuite> <!-- Signup and Logout Test -->
