<?xml version="1.0" encoding="UTF-8"?>
<testng-results ignored="0" total="1" passed="1" failed="0" skipped="0">
  <reporter-output>
  </reporter-output>
  <suite started-at="2025-02-03T08:29:51 IST" name="Default suite" finished-at="2025-02-03T08:30:02 IST" duration-ms="11398">
    <groups>
    </groups>
    <test started-at="2025-02-03T08:29:51 IST" name="Default test" finished-at="2025-02-03T08:30:02 IST" duration-ms="11398">
      <class name="org.automation.tests.AutomationTest">
        <test-method is-config="true" signature="setUp()[pri:0, instance:org.automation.tests.AutomationTest@46fa7c39]" started-at="2025-02-03T08:29:51 IST" name="setUp" finished-at="2025-02-03T08:29:58 IST" duration-ms="7660" status="PASS">
          <reporter-output>
          </reporter-output>
        </test-method> <!-- setUp -->
        <test-method signature="testSignup()[pri:0, instance:org.automation.tests.AutomationTest@46fa7c39]" started-at="2025-02-03T08:29:58 IST" name="testSignup" finished-at="2025-02-03T08:30:01 IST" duration-ms="2911" status="PASS">
          <reporter-output>
          </reporter-output>
        </test-method> <!-- testSignup -->
        <test-method is-config="true" signature="tearDown()[pri:0, instance:org.automation.tests.AutomationTest@46fa7c39]" started-at="2025-02-03T08:30:01 IST" name="tearDown" finished-at="2025-02-03T08:30:02 IST" duration-ms="768" status="PASS">
          <reporter-output>
          </reporter-output>
        </test-method> <!-- tearDown -->
      </class> <!-- org.automation.tests.AutomationTest -->
    </test> <!-- Default test -->
  </suite> <!-- Default suite -->
</testng-results>
