<?xml version="1.0" encoding="UTF-8"?>
<!-- Generated by org.testng.reporters.JUnitXMLReporter -->
<testsuite ignored="0" hostname="LAPTOP-0B5377BE" failures="3" tests="3" name="Signup, Login and Logout Test(failed)" time="0.067" errors="0" timestamp="2025-02-06T00:06:42 IST">
  <testcase classname="org.automation.tests.SignupTest" name="testSignup" time="0.008">
    <failure type="java.lang.NullPointerException" message="Cannot invoke &amp;quot;org.automation.pages.SignupPage.clickSignupTab()&amp;quot; because &amp;quot;this.signupPage&amp;quot; is null">
      <![CDATA[java.lang.NullPointerException: Cannot invoke "org.automation.pages.SignupPage.clickSignupTab()" because "this.signupPage" is null
at org.automation.tests.SignupTest.testSignup(SignupTest.java:28)
at java.base/java.util.ArrayList.forEach(ArrayList.java:1511)
... Removed 27 stack frames]]>
    </failure>
  </testcase> <!-- testSignup -->
  <testcase classname="org.automation.tests.LoginoutTest" name="testLogin" time="0.003">
    <failure type="java.lang.NullPointerException" message="Cannot invoke &amp;quot;org.automation.pages.LoginoutPage.loginDetails(String, String)&amp;quot; because &amp;quot;this.loginoutPage&amp;quot; is null">
      <![CDATA[java.lang.NullPointerException: Cannot invoke "org.automation.pages.LoginoutPage.loginDetails(String, String)" because "this.loginoutPage" is null
at org.automation.tests.LoginoutTest.testLogin(LoginoutTest.java:22)
at java.base/java.util.ArrayList.forEach(ArrayList.java:1511)
... Removed 27 stack frames]]>
    </failure>
  </testcase> <!-- testLogin -->
  <testcase classname="org.automation.tests.LoginoutTest" name="testLogout" time="0.002">
    <failure type="java.lang.NullPointerException" message="Cannot invoke &amp;quot;org.automation.pages.LoginoutPage.logout()&amp;quot; because &amp;quot;this.loginoutPage&amp;quot; is null">
      <![CDATA[java.lang.NullPointerException: Cannot invoke "org.automation.pages.LoginoutPage.logout()" because "this.loginoutPage" is null
at org.automation.tests.LoginoutTest.testLogout(LoginoutTest.java:27)
at java.base/java.util.ArrayList.forEach(ArrayList.java:1511)
... Removed 27 stack frames]]>
    </failure>
  </testcase> <!-- testLogout -->
</testsuite> <!-- Signup, Login and Logout Test(failed) -->
